<?xml version="1.0" encoding="UTF-8"?>
<coverage generated="1788683803774" clover="3.2.0">
  <project timestamp="1788683803774" name="All files">
    <metrics statements="15" coveredstatements="15" conditionals="10" coveredconditionals="9" methods="12" coveredmethods="12" elements="37" coveredelements="36" complexity="0" loc="15" ncloc="15" packages="2" files="4" classes="4"/>
    <package name="components">
      <metrics statements="13" coveredstatements="13" conditionals="10" coveredconditionals="9" methods="10" coveredmethods="10"/>
      <file name="Button.tsx" path="/home/mohamed-salah/Documents/coding/to-do-list/src/components/Button.tsx">
        <metrics statements="1" coveredstatements="1" conditionals="0" coveredconditionals="0" methods="1" coveredmethods="1"/>
        <line num="18" count="17" type="stmt"/>
      </file>
      <file name="TaskContainer.tsx" path="/home/mohamed-salah/Documents/coding/to-do-list/src/components/TaskContainer.tsx">
        <metrics statements="12" coveredstatements="12" conditionals="10" coveredconditionals="9" methods="9" coveredmethods="9"/>
        <line num="21" count="2" type="stmt"/>
        <line num="23" count="1" type="stmt"/>
        <line num="25" count="1" type="stmt"/>
        <line num="30" count="3" type="stmt"/>
        <line num="31" count="6" type="cond" truecount="2" falsecount="0"/>
        <line num="33" count="3" type="stmt"/>
        <line num="35" count="3" type="stmt"/>
        <line num="40" count="100" type="stmt"/>
        <line num="41" count="68" type="cond" truecount="1" falsecount="1"/>
        <line num="44" count="17" type="stmt"/>
        <line num="46" count="3" type="stmt"/>
        <line num="58" count="1" type="stmt"/>
      </file>
    </package>
    <package name="utils">
      <metrics statements="2" coveredstatements="2" conditionals="0" coveredconditionals="0" methods="2" coveredmethods="2"/>
      <file name="formatDate.ts" path="/home/mohamed-salah/Documents/coding/to-do-list/src/utils/formatDate.ts">
        <metrics statements="1" coveredstatements="1" conditionals="0" coveredconditionals="0" methods="1" coveredmethods="1"/>
        <line num="5" count="17" type="stmt"/>
      </file>
      <file name="saveToStorage.ts" path="/home/mohamed-salah/Documents/coding/to-do-list/src/utils/saveToStorage.ts">
        <metrics statements="1" coveredstatements="1" conditionals="0" coveredconditionals="0" methods="1" coveredmethods="1"/>
        <line num="2" count="4" type="stmt"/>
      </file>
    </package>
  </project>
</coverage>
