{"/home/mohamed-salah/Documents/coding/to-do-list/src/components/Button.tsx": {"path":"/home/mohamed-salah/Documents/coding/to-do-list/src/components/Button.tsx","statementMap":{"0":{"start":{"line":18,"column":2},"end":{"line":31,"column":null}}},"fnMap":{"0":{"name":"Button","decl":{"start":{"line":11,"column":24},"end":{"line":11,"column":31}},"loc":{"start":{"line":17,"column":16},"end":{"line":33,"column":null}},"line":17}},"branchMap":{},"s":{"0":17},"f":{"0":17},"b":{},"meta":{"lastBranch":0,"lastFunction":1,"lastStatement":1,"seen":{"f:11:24:11:31":0,"s:18:2:31:Infinity":0},"fnNames":{}}}
,"/home/mohamed-salah/Documents/coding/to-do-list/src/components/TaskContainer.tsx": {"path":"/home/mohamed-salah/Documents/coding/to-do-list/src/components/TaskContainer.tsx","statementMap":{"0":{"start":{"line":21,"column":21},"end":{"line":21,"column":null}},"1":{"start":{"line":21,"column":40},"end":{"line":21,"column":58}},"2":{"start":{"line":23,"column":4},"end":{"line":23,"column":null}},"3":{"start":{"line":25,"column":4},"end":{"line":25,"column":null}},"4":{"start":{"line":30,"column":21},"end":{"line":31,"column":null}},"5":{"start":{"line":31,"column":8},"end":{"line":31,"column":75}},"6":{"start":{"line":33,"column":4},"end":{"line":33,"column":null}},"7":{"start":{"line":35,"column":4},"end":{"line":35,"column":null}},"8":{"start":{"line":40,"column":24},"end":{"line":40,"column":null}},"9":{"start":{"line":40,"column":41},"end":{"line":40,"column":59}},"10":{"start":{"line":41,"column":4},"end":{"line":41,"column":null}},"11":{"start":{"line":44,"column":2},"end":{"line":63,"column":null}},"12":{"start":{"line":46,"column":26},"end":{"line":46,"column":52}},"13":{"start":{"line":58,"column":21},"end":{"line":58,"column":null}}},"fnMap":{"0":{"name":"TaskContainer","decl":{"start":{"line":14,"column":24},"end":{"line":14,"column":38}},"loc":{"start":{"line":17,"column":23},"end":{"line":65,"column":null}},"line":17},"1":{"name":"deleteTask","decl":{"start":{"line":19,"column":11},"end":{"line":19,"column":22}},"loc":{"start":{"line":19,"column":36},"end":{"line":27,"column":null}},"line":19},"2":{"name":"(anonymous_2)","decl":{"start":{"line":21,"column":27},"end":{"line":21,"column":34}},"loc":{"start":{"line":21,"column":40},"end":{"line":21,"column":58}},"line":21},"3":{"name":"handleCheckState","decl":{"start":{"line":28,"column":11},"end":{"line":28,"column":28}},"loc":{"start":{"line":28,"column":42},"end":{"line":37,"column":null}},"line":28},"4":{"name":"(anonymous_4)","decl":{"start":{"line":30,"column":27},"end":{"line":30,"column":31}},"loc":{"start":{"line":31,"column":8},"end":{"line":31,"column":75}},"line":31},"5":{"name":"isChecked","decl":{"start":{"line":38,"column":11},"end":{"line":38,"column":21}},"loc":{"start":{"line":38,"column":44},"end":{"line":42,"column":null}},"line":38},"6":{"name":"(anonymous_6)","decl":{"start":{"line":40,"column":30},"end":{"line":40,"column":35}},"loc":{"start":{"line":40,"column":41},"end":{"line":40,"column":59}},"line":40},"7":{"name":"(anonymous_7)","decl":{"start":{"line":46,"column":13},"end":{"line":46,"column":26}},"loc":{"start":{"line":46,"column":26},"end":{"line":46,"column":52}},"line":46},"8":{"name":"(anonymous_8)","decl":{"start":{"line":58,"column":8},"end":{"line":58,"column":21}},"loc":{"start":{"line":58,"column":21},"end":{"line":58,"column":null}},"line":58}},"branchMap":{"0":{"loc":{"start":{"line":31,"column":8},"end":{"line":31,"column":75}},"type":"cond-expr","locations":[{"start":{"line":31,"column":29},"end":{"line":31,"column":71}},{"start":{"line":31,"column":71},"end":{"line":31,"column":75}}],"line":31},"1":{"loc":{"start":{"line":41,"column":11},"end":{"line":41,"column":null}},"type":"binary-expr","locations":[{"start":{"line":41,"column":11},"end":{"line":41,"column":37}},{"start":{"line":41,"column":37},"end":{"line":41,"column":null}}],"line":41},"2":{"loc":{"start":{"line":45,"column":50},"end":{"line":45,"column":null}},"type":"binary-expr","locations":[{"start":{"line":45,"column":50},"end":{"line":45,"column":71}},{"start":{"line":45,"column":71},"end":{"line":45,"column":null}}],"line":45},"3":{"loc":{"start":{"line":50,"column":103},"end":{"line":50,"column":null}},"type":"binary-expr","locations":[{"start":{"line":50,"column":103},"end":{"line":50,"column":124}},{"start":{"line":50,"column":124},"end":{"line":50,"column":null}}],"line":50},"4":{"loc":{"start":{"line":53,"column":47},"end":{"line":53,"column":null}},"type":"binary-expr","locations":[{"start":{"line":53,"column":47},"end":{"line":53,"column":68}},{"start":{"line":53,"column":68},"end":{"line":53,"column":null}}],"line":53}},"s":{"0":1,"1":2,"2":1,"3":1,"4":3,"5":6,"6":3,"7":3,"8":68,"9":100,"10":68,"11":17,"12":3,"13":1},"f":{"0":17,"1":1,"2":2,"3":3,"4":6,"5":68,"6":100,"7":3,"8":1},"b":{"0":[3,3],"1":[68,0],"2":[17,2],"3":[17,2],"4":[17,2]},"meta":{"lastBranch":5,"lastFunction":9,"lastStatement":14,"seen":{"f:14:24:14:38":0,"f:19:11:19:22":1,"s:21:21:21:Infinity":0,"f:21:27:21:34":2,"s:21:40:21:58":1,"s:23:4:23:Infinity":2,"s:25:4:25:Infinity":3,"f:28:11:28:28":3,"s:30:21:31:Infinity":4,"f:30:27:30:31":4,"s:31:8:31:75":5,"b:31:29:31:71:31:71:31:75":0,"s:33:4:33:Infinity":6,"s:35:4:35:Infinity":7,"f:38:11:38:21":5,"s:40:24:40:Infinity":8,"f:40:30:40:35":6,"s:40:41:40:59":9,"s:41:4:41:Infinity":10,"b:41:11:41:37:41:37:41:Infinity":1,"s:44:2:63:Infinity":11,"b:45:50:45:71:45:71:45:Infinity":2,"f:46:13:46:26":7,"s:46:26:46:52":12,"b:50:103:50:124:50:124:50:Infinity":3,"b:53:47:53:68:53:68:53:Infinity":4,"f:58:8:58:21":8,"s:58:21:58:Infinity":13},"fnNames":{}}}
,"/home/mohamed-salah/Documents/coding/to-do-list/src/utils/formatDate.ts": {"path":"/home/mohamed-salah/Documents/coding/to-do-list/src/utils/formatDate.ts","statementMap":{"0":{"start":{"line":5,"column":2},"end":{"line":5,"column":null}}},"fnMap":{"0":{"name":"formatDate","decl":{"start":{"line":4,"column":24},"end":{"line":4,"column":35}},"loc":{"start":{"line":4,"column":53},"end":{"line":6,"column":null}},"line":4}},"branchMap":{},"s":{"0":17},"f":{"0":17},"b":{},"meta":{"lastBranch":0,"lastFunction":1,"lastStatement":1,"seen":{"f:4:24:4:35":0,"s:5:2:5:Infinity":0},"fnNames":{}}}
,"/home/mohamed-salah/Documents/coding/to-do-list/src/utils/saveToStorage.ts": {"path":"/home/mohamed-salah/Documents/coding/to-do-list/src/utils/saveToStorage.ts","statementMap":{"0":{"start":{"line":2,"column":2},"end":{"line":2,"column":null}}},"fnMap":{"0":{"name":"saveToStorage","decl":{"start":{"line":1,"column":24},"end":{"line":1,"column":41}},"loc":{"start":{"line":1,"column":70},"end":{"line":3,"column":null}},"line":1}},"branchMap":{},"s":{"0":4},"f":{"0":4},"b":{},"meta":{"lastBranch":0,"lastFunction":1,"lastStatement":1,"seen":{"f:1:24:1:41":0,"s:2:2:2:Infinity":0},"fnNames":{}}}
}
